Build started 2/25/2011 2:19:22 PM.
     1>Project "C:\Documents and Settings\Rater\My Documents\Visual Studio 2010\Projects\Neural-Network\src\nn.vcxproj" on node 2 (build target(s)).
     1>InitializeBuildStatus:
         Creating "Release\NeuralNetwork.unsuccessfulbuild" because "AlwaysCreate" was specified.
       ClCompile:
         All outputs are up-to-date.
       Link:
         C:\Program Files\Microsoft Visual Studio 10.0\VC\bin\link.exe /ERRORREPORT:PROMPT /OUT:"C:\Documents and Settings\Rater\My Documents\Visual Studio 2010\Projects\Neural-Network\Release\NeuralNetwork.exe" /INCREMENTAL:NO /NOLOGO kernel32.lib user32.lib gdi32.lib winspool.lib comdlg32.lib advapi32.lib shell32.lib ole32.lib oleaut32.lib uuid.lib odbc32.lib odbccp32.lib /MANIFEST /ManifestFile:"Release\NeuralNetwork.exe.intermediate.manifest" /MANIFESTUAC:"level='asInvoker' uiAccess='false'" /DEBUG /PDB:"C:\Documents and Settings\Rater\My Documents\Visual Studio 2010\Projects\Neural-Network\Release\NeuralNetwork.pdb" /SUBSYSTEM:CONSOLE /OPT:REF /OPT:ICF /LTCG /TLBID:1 /DYNAMICBASE /NXCOMPAT /IMPLIB:"C:\Documents and Settings\Rater\My Documents\Visual Studio 2010\Projects\Neural-Network\Release\NeuralNetwork.lib" /MACHINE:X86 Release\GeneticAlgorithm.obj
         Release\Layer.obj
         Release\Neuron.obj
         Release\nn.obj
         Release\TemplateTest.obj
         Generating code
         Finished generating code
         nn.vcxproj -> C:\Documents and Settings\Rater\My Documents\Visual Studio 2010\Projects\Neural-Network\Release\NeuralNetwork.exe
       Manifest:
         C:\Program Files\Microsoft SDKs\Windows\v7.0A\bin\mt.exe /nologo /verbose /outputresource:"C:\Documents and Settings\Rater\My Documents\Visual Studio 2010\Projects\Neural-Network\Release\NeuralNetwork.exe;#1" /manifest Release\NeuralNetwork.exe.intermediate.manifest
       FinalizeBuildStatus:
         Deleting file "Release\NeuralNetwork.unsuccessfulbuild".
         Touching "Release\NeuralNetwork.lastbuildstate".
     1>Done Building Project "C:\Documents and Settings\Rater\My Documents\Visual Studio 2010\Projects\Neural-Network\src\nn.vcxproj" (build target(s)).

Build succeeded.

Time Elapsed 00:00:04.15
